<?xml version="1.0" encoding="UTF-8"?>
<testsuite xmlns:xsi="http://www.w3.org/2001/XMLSchema-instance" xsi:noNamespaceSchemaLocation="https://maven.apache.org/surefire/maven-surefire-plugin/xsd/surefire-test-report.xsd" name="com.adem.pc.ChatApplicationTests" time="28.995" tests="13" errors="7" skipped="0" failures="0">
  <properties>
[...]
</properties>
  <testcase name="testfindByMarque" classname="com.adem.pc.ChatApplicationTests" time="1.109">
    <error message="org.hibernate.TransientObjectException: object references an unsaved transient instance - save the transient instance before flushing: com.adem.pc.entities.Marque; nested exception is java.lang.IllegalStateException: org.hibernate.TransientObjectException: object references an unsaved transient instance - save the transient instance before flushing: com.adem.pc.entities.Marque" type="org.springframework.dao.InvalidDataAccessApiUsageException">org.springframework.dao.InvalidDataAccessApiUsageException: org.hibernate.TransientObjectException: object references an unsaved transient instance - save the transient instance before flushing: com.adem.pc.entities.Marque; nested exception is java.lang.IllegalStateException: org.hibernate.TransientObjectException: object references an unsaved transient instance - save the transient instance before flushing: com.adem.pc.entities.Marque
	at com.adem.pc.ChatApplicationTests.testfindByMarque(ChatApplicationTests.java:102)
Caused by: java.lang.IllegalStateException: org.hibernate.TransientObjectException: object references an unsaved transient instance - save the transient instance before flushing: com.adem.pc.entities.Marque
	at com.adem.pc.ChatApplicationTests.testfindByMarque(ChatApplicationTests.java:102)
Caused by: org.hibernate.TransientObjectException: object references an unsaved transient instance - save the transient instance before flushing: com.adem.pc.entities.Marque
	at com.adem.pc.ChatApplicationTests.testfindByMarque(ChatApplicationTests.java:102)
</error>
    <system-out><![CDATA[22:04:35.721 [main] DEBUG org.springframework.test.context.BootstrapUtils - Instantiating CacheAwareContextLoaderDelegate from class [org.springframework.test.context.cache.DefaultCacheAwareContextLoaderDelegate]
22:04:35.757 [main] DEBUG org.springframework.test.context.BootstrapUtils - Instantiating BootstrapContext using constructor [public org.springframework.test.context.support.DefaultBootstrapContext(java.lang.Class,org.springframework.test.context.CacheAwareContextLoaderDelegate)]
22:04:35.887 [main] DEBUG org.springframework.test.context.BootstrapUtils - Instantiating TestContextBootstrapper for test class [com.adem.pc.ChatApplicationTests] from class [org.springframework.boot.test.context.SpringBootTestContextBootstrapper]
22:04:35.930 [main] INFO org.springframework.boot.test.context.SpringBootTestContextBootstrapper - Neither @ContextConfiguration nor @ContextHierarchy found for test class [com.adem.pc.ChatApplicationTests], using SpringBootContextLoader
22:04:35.942 [main] DEBUG org.springframework.test.context.support.AbstractContextLoader - Did not detect default resource location for test class [com.adem.pc.ChatApplicationTests]: class path resource [com/adem/pc/ChatApplicationTests-context.xml] does not exist
22:04:35.945 [main] DEBUG org.springframework.test.context.support.AbstractContextLoader - Did not detect default resource location for test class [com.adem.pc.ChatApplicationTests]: class path resource [com/adem/pc/ChatApplicationTestsContext.groovy] does not exist
22:04:35.945 [main] INFO org.springframework.test.context.support.AbstractContextLoader - Could not detect default resource locations for test class [com.adem.pc.ChatApplicationTests]: no resource found for suffixes {-context.xml, Context.groovy}.
22:04:35.947 [main] INFO org.springframework.test.context.support.AnnotationConfigContextLoaderUtils - Could not detect default configuration classes for test class [com.adem.pc.ChatApplicationTests]: ChatApplicationTests does not declare any static, non-private, non-final, nested classes annotated with @Configuration.
22:04:36.452 [main] DEBUG org.springframework.test.context.support.ActiveProfilesUtils - Could not find an 'annotation declaring class' for annotation type [org.springframework.test.context.ActiveProfiles] and class [com.adem.pc.ChatApplicationTests]
22:04:36.739 [main] DEBUG org.springframework.context.annotation.ClassPathScanningCandidateComponentProvider - Identified candidate component class: file [C:\Users\benslamaadem\Pictures\freelancer\target\classes\com\adem\pc\PcApplication.class]
22:04:36.743 [main] INFO org.springframework.boot.test.context.SpringBootTestContextBootstrapper - Found @SpringBootConfiguration com.adem.pc.PcApplication for test class com.adem.pc.ChatApplicationTests
22:04:37.223 [main] DEBUG org.springframework.boot.test.context.SpringBootTestContextBootstrapper - @TestExecutionListeners is not present for class [com.adem.pc.ChatApplicationTests]: using defaults.
22:04:37.224 [main] INFO org.springframework.boot.test.context.SpringBootTestContextBootstrapper - Loaded default TestExecutionListener class names from location [META-INF/spring.factories]: [org.springframework.boot.test.mock.mockito.MockitoTestExecutionListener, org.springframework.boot.test.mock.mockito.ResetMocksTestExecutionListener, org.springframework.boot.test.autoconfigure.restdocs.RestDocsTestExecutionListener, org.springframework.boot.test.autoconfigure.web.client.MockRestServiceServerResetTestExecutionListener, org.springframework.boot.test.autoconfigure.web.servlet.MockMvcPrintOnlyOnFailureTestExecutionListener, org.springframework.boot.test.autoconfigure.web.servlet.WebDriverTestExecutionListener, org.springframework.boot.test.autoconfigure.webservices.client.MockWebServiceServerTestExecutionListener, org.springframework.test.context.web.ServletTestExecutionListener, org.springframework.test.context.support.DirtiesContextBeforeModesTestExecutionListener, org.springframework.test.context.event.ApplicationEventsTestExecutionListener, org.springframework.test.context.support.DependencyInjectionTestExecutionListener, org.springframework.test.context.support.DirtiesContextTestExecutionListener, org.springframework.test.context.transaction.TransactionalTestExecutionListener, org.springframework.test.context.jdbc.SqlScriptsTestExecutionListener, org.springframework.test.context.event.EventPublishingTestExecutionListener]
22:04:37.302 [main] INFO org.springframework.boot.test.context.SpringBootTestContextBootstrapper - Using TestExecutionListeners: [org.springframework.test.context.web.ServletTestExecutionListener@7b8233cd, org.springframework.test.context.support.DirtiesContextBeforeModesTestExecutionListener@4b20ca2b, org.springframework.test.context.event.ApplicationEventsTestExecutionListener@1cbf6e72, org.springframework.boot.test.mock.mockito.MockitoTestExecutionListener@6aecbb8d, org.springframework.boot.test.autoconfigure.SpringBootDependencyInjectionTestExecutionListener@1af146, org.springframework.test.context.support.DirtiesContextTestExecutionListener@4da602fc, org.springframework.test.context.transaction.TransactionalTestExecutionListener@2a8d39c4, org.springframework.test.context.jdbc.SqlScriptsTestExecutionListener@25b2cfcb, org.springframework.test.context.event.EventPublishingTestExecutionListener@72758afa, org.springframework.boot.test.mock.mockito.ResetMocksTestExecutionListener@fb9c7aa, org.springframework.boot.test.autoconfigure.restdocs.RestDocsTestExecutionListener@4c398c80, org.springframework.boot.test.autoconfigure.web.client.MockRestServiceServerResetTestExecutionListener@7fc6de5b, org.springframework.boot.test.autoconfigure.web.servlet.MockMvcPrintOnlyOnFailureTestExecutionListener@21baa903, org.springframework.boot.test.autoconfigure.web.servlet.WebDriverTestExecutionListener@607fbe09, org.springframework.boot.test.autoconfigure.webservices.client.MockWebServiceServerTestExecutionListener@60a2630a]
22:04:37.315 [main] DEBUG org.springframework.test.context.support.AbstractDirtiesContextTestExecutionListener - Before test class: context [DefaultTestContext@62163b39 testClass = ChatApplicationTests, testInstance = [null], testMethod = [null], testException = [null], mergedContextConfiguration = [WebMergedContextConfiguration@20a8a64e testClass = ChatApplicationTests, locations = '{}', classes = '{class com.adem.pc.PcApplication}', contextInitializerClasses = '[]', activeProfiles = '{}', propertySourceLocations = '{}', propertySourceProperties = '{org.springframework.boot.test.context.SpringBootTestContextBootstrapper=true}', contextCustomizers = set[org.springframework.boot.test.context.filter.ExcludeFilterContextCustomizer@68f1b17f, org.springframework.boot.test.json.DuplicateJsonObjectContextCustomizerFactory$DuplicateJsonObjectContextCustomizer@398dada8, org.springframework.boot.test.mock.mockito.MockitoContextCustomizer@0, org.springframework.boot.test.web.client.TestRestTemplateContextCustomizer@934b6cb, org.springframework.boot.test.autoconfigure.actuate.metrics.MetricsExportContextCustomizerFactory$DisableMetricExportContextCustomizer@1ae8bcbc, org.springframework.boot.test.autoconfigure.properties.PropertyMappingContextCustomizer@0, org.springframework.boot.test.autoconfigure.web.servlet.WebDriverContextCustomizerFactory$Customizer@3406472c, org.springframework.boot.test.context.SpringBootTestArgs@1, org.springframework.boot.test.context.SpringBootTestWebEnvironment@1fa268de], resourceBasePath = 'src/main/webapp', contextLoader = 'org.springframework.boot.test.context.SpringBootContextLoader', parent = [null]], attributes = map['org.springframework.test.context.web.ServletTestExecutionListener.activateListener' -> true]], class annotated with @DirtiesContext [false] with mode [null].

  .   ____          _            __ _ _
 /\\ / ___'_ __ _ _(_)_ __  __ _ \ \ \ \
( ( )\___ | '_ | '_| | '_ \/ _` | \ \ \ \
 \\/  ___)| |_)| | | | | || (_| |  ) ) ) )
  '  |____| .__|_| |_|_| |_\__, | / / / /
 =========|_|==============|___/=/_/_/_/
 :: Spring Boot ::               (v2.7.10)

2023-05-11 22:04:38.968  INFO 16348 --- [           main] com.adem.pc.ChatApplicationTests         : Starting ChatApplicationTests using Java 17.0.6 on DESKTOP-8BJB2IQ with PID 16348 (started by benslamaadem in C:\Users\benslamaadem\Pictures\freelancer)
2023-05-11 22:04:38.973  INFO 16348 --- [           main] com.adem.pc.ChatApplicationTests         : No active profile set, falling back to 1 default profile: "default"
2023-05-11 22:04:43.436  INFO 16348 --- [           main] .s.d.r.c.RepositoryConfigurationDelegate : Bootstrapping Spring Data JPA repositories in DEFAULT mode.
2023-05-11 22:04:43.632  INFO 16348 --- [           main] .s.d.r.c.RepositoryConfigurationDelegate : Finished Spring Data repository scanning in 168 ms. Found 3 JPA repository interfaces.
2023-05-11 22:04:45.509  INFO 16348 --- [           main] trationDelegate$BeanPostProcessorChecker : Bean 'org.springframework.ws.config.annotation.DelegatingWsConfiguration' of type [org.springframework.ws.config.annotation.DelegatingWsConfiguration$$EnhancerBySpringCGLIB$$f0c3386] is not eligible for getting processed by all BeanPostProcessors (for example: not eligible for auto-proxying)
2023-05-11 22:04:45.663  INFO 16348 --- [           main] .w.s.a.s.AnnotationActionEndpointMapping : Supporting [WS-Addressing August 2004, WS-Addressing 1.0]
2023-05-11 22:04:46.706  INFO 16348 --- [           main] o.hibernate.jpa.internal.util.LogHelper  : HHH000204: Processing PersistenceUnitInfo [name: default]
2023-05-11 22:04:46.936  INFO 16348 --- [           main] org.hibernate.Version                    : HHH000412: Hibernate ORM core version 5.6.15.Final
2023-05-11 22:04:47.704  INFO 16348 --- [           main] o.hibernate.annotations.common.Version   : HCANN000001: Hibernate Commons Annotations {5.1.2.Final}
2023-05-11 22:04:48.241  INFO 16348 --- [           main] com.zaxxer.hikari.HikariDataSource       : HikariPool-1 - Starting...
2023-05-11 22:04:48.882  INFO 16348 --- [           main] com.zaxxer.hikari.HikariDataSource       : HikariPool-1 - Start completed.
2023-05-11 22:04:48.990  INFO 16348 --- [           main] org.hibernate.dialect.Dialect            : HHH000400: Using dialect: org.hibernate.dialect.MySQL55Dialect
2023-05-11 22:04:53.004  INFO 16348 --- [           main] o.h.e.t.j.p.i.JtaPlatformInitiator       : HHH000490: Using JtaPlatform implementation: [org.hibernate.engine.transaction.jta.platform.internal.NoJtaPlatform]
2023-05-11 22:04:53.040  INFO 16348 --- [           main] j.LocalContainerEntityManagerFactoryBean : Initialized JPA EntityManagerFactory for persistence unit 'default'
2023-05-11 22:04:55.931  WARN 16348 --- [           main] JpaBaseConfiguration$JpaWebConfiguration : spring.jpa.open-in-view is enabled by default. Therefore, database queries may be performed during view rendering. Explicitly configure spring.jpa.open-in-view to disable this warning
2023-05-11 22:04:57.192  INFO 16348 --- [           main] o.s.s.web.DefaultSecurityFilterChain     : Will secure any request with [org.springframework.security.web.session.DisableEncodeUrlFilter@7baf7e2c, org.springframework.security.web.context.request.async.WebAsyncManagerIntegrationFilter@73d7e7aa, org.springframework.security.web.context.SecurityContextPersistenceFilter@19b33b0d, org.springframework.security.web.header.HeaderWriterFilter@511ad0dd, org.springframework.security.web.csrf.CsrfFilter@19b4dd60, org.springframework.security.web.authentication.logout.LogoutFilter@39a1c200, org.springframework.security.web.authentication.UsernamePasswordAuthenticationFilter@38d9c9c4, org.springframework.security.web.savedrequest.RequestCacheAwareFilter@d827673, org.springframework.security.web.servletapi.SecurityContextHolderAwareRequestFilter@34893693, org.springframework.security.web.authentication.AnonymousAuthenticationFilter@349686e8, org.springframework.security.web.session.SessionManagementFilter@22b4ad0c, org.springframework.security.web.access.ExceptionTranslationFilter@5b11d0d8, org.springframework.security.web.access.intercept.FilterSecurityInterceptor@9da386c]
2023-05-11 22:04:59.352  INFO 16348 --- [           main] o.s.b.a.w.s.WelcomePageHandlerMapping    : Adding welcome page template: index
2023-05-11 22:05:02.542  INFO 16348 --- [           main] com.adem.pc.ChatApplicationTests         : Started ChatApplicationTests in 25.017 seconds (JVM running for 30.659)
Hibernate: select pc0_.id_pc as id_pc1_1_, pc0_.date_ajout as date_ajo2_1_, pc0_.marque_id_mar as marque_i5_1_, pc0_.nom_pc as nom_pc3_1_, pc0_.prix as prix4_1_ from pc pc0_ where pc0_.marque_id_mar=?
]]></system-out>
  </testcase>
  <testcase name="testCreatePc" classname="com.adem.pc.ChatApplicationTests" time="0.264"/>
  <testcase name="testListerTousPcs" classname="com.adem.pc.ChatApplicationTests" time="0.115">
    <error message="failed to lazily initialize a collection of role: com.adem.pc.entities.Marque.pcs, could not initialize proxy - no Session" type="org.hibernate.LazyInitializationException">org.hibernate.LazyInitializationException: failed to lazily initialize a collection of role: com.adem.pc.entities.Marque.pcs, could not initialize proxy - no Session
	at com.adem.pc.ChatApplicationTests.testListerTousPcs(ChatApplicationTests.java:52)
</error>
    <system-out><![CDATA[Hibernate: select pc0_.id_pc as id_pc1_1_, pc0_.date_ajout as date_ajo2_1_, pc0_.marque_id_mar as marque_i5_1_, pc0_.nom_pc as nom_pc3_1_, pc0_.prix as prix4_1_ from pc pc0_
Hibernate: select marque0_.id_mar as id_mar1_0_0_, marque0_.description_mar as descript2_0_0_, marque0_.nom_mar as nom_mar3_0_0_ from marque marque0_ where marque0_.id_mar=?
]]></system-out>
  </testcase>
  <testcase name="findByMarqueIdMar" classname="com.adem.pc.ChatApplicationTests" time="0.067">
    <error message="failed to lazily initialize a collection of role: com.adem.pc.entities.Marque.pcs, could not initialize proxy - no Session" type="org.hibernate.LazyInitializationException">org.hibernate.LazyInitializationException: failed to lazily initialize a collection of role: com.adem.pc.entities.Marque.pcs, could not initialize proxy - no Session
	at com.adem.pc.ChatApplicationTests.findByMarqueIdMar(ChatApplicationTests.java:115)
</error>
    <system-out><![CDATA[Hibernate: select pc0_.id_pc as id_pc1_1_, pc0_.date_ajout as date_ajo2_1_, pc0_.marque_id_mar as marque_i5_1_, pc0_.nom_pc as nom_pc3_1_, pc0_.prix as prix4_1_ from pc pc0_ left outer join marque marque1_ on pc0_.marque_id_mar=marque1_.id_mar where marque1_.id_mar=?
Hibernate: select marque0_.id_mar as id_mar1_0_0_, marque0_.description_mar as descript2_0_0_, marque0_.nom_mar as nom_mar3_0_0_ from marque marque0_ where marque0_.id_mar=?
]]></system-out>
  </testcase>
  <testcase name="testfindByNomPc" classname="com.adem.pc.ChatApplicationTests" time="0.021"/>
  <testcase name="testFindByNomPcContains" classname="com.adem.pc.ChatApplicationTests" time="0.026"/>
  <testcase name="testFindBynomChatContains" classname="com.adem.pc.ChatApplicationTests" time="0.04">
    <error message="failed to lazily initialize a collection of role: com.adem.pc.entities.Marque.pcs, could not initialize proxy - no Session" type="org.hibernate.LazyInitializationException">org.hibernate.LazyInitializationException: failed to lazily initialize a collection of role: com.adem.pc.entities.Marque.pcs, could not initialize proxy - no Session
	at com.adem.pc.ChatApplicationTests.lambda$testFindBynomChatContains$0(ChatApplicationTests.java:62)
	at com.adem.pc.ChatApplicationTests.testFindBynomChatContains(ChatApplicationTests.java:62)
</error>
    <system-out><![CDATA[Hibernate: select pc0_.id_pc as id_pc1_1_, pc0_.date_ajout as date_ajo2_1_, pc0_.marque_id_mar as marque_i5_1_, pc0_.nom_pc as nom_pc3_1_, pc0_.prix as prix4_1_ from pc pc0_ limit ?
Hibernate: select marque0_.id_mar as id_mar1_0_0_, marque0_.description_mar as descript2_0_0_, marque0_.nom_mar as nom_mar3_0_0_ from marque marque0_ where marque0_.id_mar=?
3
2
1
]]></system-out>
  </testcase>
  <testcase name="testfindByNomPrix" classname="com.adem.pc.ChatApplicationTests" time="0.02"/>
  <testcase name="testTrierPcsNomsprix" classname="com.adem.pc.ChatApplicationTests" time="0.021">
    <error message="failed to lazily initialize a collection of role: com.adem.pc.entities.Marque.pcs, could not initialize proxy - no Session" type="org.hibernate.LazyInitializationException">org.hibernate.LazyInitializationException: failed to lazily initialize a collection of role: com.adem.pc.entities.Marque.pcs, could not initialize proxy - no Session
	at com.adem.pc.ChatApplicationTests.testTrierPcsNomsprix(ChatApplicationTests.java:133)
</error>
    <system-out><![CDATA[Hibernate: select pc0_.id_pc as id_pc1_1_, pc0_.date_ajout as date_ajo2_1_, pc0_.marque_id_mar as marque_i5_1_, pc0_.nom_pc as nom_pc3_1_, pc0_.prix as prix4_1_ from pc pc0_ order by pc0_.nom_pc ASC, pc0_.prix DESC
Hibernate: select marque0_.id_mar as id_mar1_0_0_, marque0_.description_mar as descript2_0_0_, marque0_.nom_mar as nom_mar3_0_0_ from marque marque0_ where marque0_.id_mar=?
]]></system-out>
  </testcase>
  <testcase name="testFindPc" classname="com.adem.pc.ChatApplicationTests" time="0.021">
    <error message="failed to lazily initialize a collection of role: com.adem.pc.entities.Marque.pcs, could not initialize proxy - no Session" type="org.hibernate.LazyInitializationException">org.hibernate.LazyInitializationException: failed to lazily initialize a collection of role: com.adem.pc.entities.Marque.pcs, could not initialize proxy - no Session
	at com.adem.pc.ChatApplicationTests.testFindPc(ChatApplicationTests.java:32)
</error>
    <system-out><![CDATA[Hibernate: select pc0_.id_pc as id_pc1_1_0_, pc0_.date_ajout as date_ajo2_1_0_, pc0_.marque_id_mar as marque_i5_1_0_, pc0_.nom_pc as nom_pc3_1_0_, pc0_.prix as prix4_1_0_, marque1_.id_mar as id_mar1_0_1_, marque1_.description_mar as descript2_0_1_, marque1_.nom_mar as nom_mar3_0_1_ from pc pc0_ left outer join marque marque1_ on pc0_.marque_id_mar=marque1_.id_mar where pc0_.id_pc=?
]]></system-out>
  </testcase>
  <testcase name="testDeleteFreelancer" classname="com.adem.pc.ChatApplicationTests" time="0.064"/>
  <testcase name="testfindByOrderByNomPcAsc" classname="com.adem.pc.ChatApplicationTests" time="0.024"/>
  <testcase name="testUpdatePc" classname="com.adem.pc.ChatApplicationTests" time="0.019">
    <error message="No value present" type="java.util.NoSuchElementException">java.util.NoSuchElementException: No value present
	at com.adem.pc.ChatApplicationTests.testUpdatePc(ChatApplicationTests.java:37)
</error>
    <system-out><![CDATA[Hibernate: select pc0_.id_pc as id_pc1_1_0_, pc0_.date_ajout as date_ajo2_1_0_, pc0_.marque_id_mar as marque_i5_1_0_, pc0_.nom_pc as nom_pc3_1_0_, pc0_.prix as prix4_1_0_, marque1_.id_mar as id_mar1_0_1_, marque1_.description_mar as descript2_0_1_, marque1_.nom_mar as nom_mar3_0_1_ from pc pc0_ left outer join marque marque1_ on pc0_.marque_id_mar=marque1_.id_mar where pc0_.id_pc=?
]]></system-out>
  </testcase>
</testsuite>